\BOOKMARK [0][-]{chapter.1}{\376\377\000T\000e\000n\000t\000a\000n\000g\000\040\000D\000o\000c\000k\000e\000r}{}% 1
\BOOKMARK [1][-]{section.1.1}{\376\377\000P\000e\000n\000g\000e\000r\000t\000i\000a\000n\000\040\000D\000o\000c\000k\000e\000r}{chapter.1}% 2
\BOOKMARK [1][-]{section.1.2}{\376\377\000K\000e\000u\000n\000t\000u\000n\000g\000a\000n\000\040\000M\000e\000n\000g\000g\000u\000n\000a\000k\000a\000n\000\040\000D\000o\000c\000k\000e\000r}{chapter.1}% 3
\BOOKMARK [1][-]{section.1.3}{\376\377\000A\000r\000s\000i\000t\000e\000k\000t\000u\000r\000\040\000D\000o\000c\000k\000e\000r}{chapter.1}% 4
\BOOKMARK [2][-]{subsection.1.3.1}{\376\377\000D\000o\000c\000k\000e\000r\000\040\000D\000a\000e\000m\000o\000n}{section.1.3}% 5
\BOOKMARK [2][-]{subsection.1.3.2}{\376\377\000D\000o\000c\000k\000e\000r\000\040\000C\000l\000i\000e\000n\000t}{section.1.3}% 6
\BOOKMARK [2][-]{subsection.1.3.3}{\376\377\000D\000o\000c\000k\000e\000r\000\040\000D\000e\000s\000k\000t\000o\000p}{section.1.3}% 7
\BOOKMARK [2][-]{subsection.1.3.4}{\376\377\000D\000o\000c\000k\000e\000r\000\040\000R\000e\000g\000i\000s\000t\000r\000i\000e\000s}{section.1.3}% 8
\BOOKMARK [2][-]{subsection.1.3.5}{\376\377\000D\000o\000c\000k\000e\000r\000\040\000C\000E}{section.1.3}% 9
\BOOKMARK [2][-]{subsection.1.3.6}{\376\377\000D\000o\000c\000k\000e\000r\000\040\000E\000E}{section.1.3}% 10
\BOOKMARK [2][-]{subsection.1.3.7}{\376\377\000D\000o\000c\000k\000e\000r\000\040\000O\000b\000j\000e\000c\000t}{section.1.3}% 11
\BOOKMARK [0][-]{chapter.2}{\376\377\000i\000n\000s\000t\000a\000l\000a\000s\000i\000\040\000D\000o\000c\000k\000e\000r\000\040\000d\000i\000\040\000S\000e\000r\000v\000e\000r}{}% 12
\BOOKMARK [1][-]{section.2.1}{\376\377\000P\000e\000m\000b\000u\000k\000a}{chapter.2}% 13
\BOOKMARK [1][-]{section.2.2}{\376\377\000L\000a\000n\000g\000k\000a\000h\000\040\000I\000n\000s\000t\000a\000l\000a\000s\000i}{chapter.2}% 14
\BOOKMARK [0][-]{chapter.3}{\376\377\000B\000u\000i\000l\000d\000\040\000A\000p\000l\000i\000k\000a\000s\000i\000\040\000d\000a\000n\000\040\000R\000u\000n\000\040\000P\000a\000d\000a\000\040\000D\000o\000c\000k\000e\000r}{}% 15
\BOOKMARK [1][-]{section.3.1}{\376\377\000P\000e\000m\000b\000u\000k\000a}{chapter.3}% 16
\BOOKMARK [1][-]{section.3.2}{\376\377\000L\000a\000n\000g\000k\000a\000h\000\040\000B\000u\000i\000l\000d\000\040\000A\000p\000l\000i\000k\000a\000s\000i}{chapter.3}% 17
\BOOKMARK [1][-]{section.3.3}{\376\377\000R\000u\000n\000\040\000P\000a\000d\000a\000\040\000D\000o\000c\000k\000e\000r}{chapter.3}% 18
\BOOKMARK [0][-]{chapter.4}{\376\377\000U\000p\000l\000o\000a\000d\000\040\000d\000a\000n\000\040\000P\000u\000l\000l\000\040\000P\000a\000d\000a\000\040\000I\000m\000a\000g\000e}{}% 19
\BOOKMARK [1][-]{section.4.1}{\376\377\000P\000e\000m\000b\000u\000k\000a}{chapter.4}% 20
\BOOKMARK [1][-]{section.4.2}{\376\377\000U\000p\000l\000o\000a\000d\000\040\000I\000m\000a\000g\000e\000\040\000k\000e\000\040\000D\000o\000c\000k\000e\000r\000\040\000H\000u\000b}{chapter.4}% 21
\BOOKMARK [1][-]{section.4.3}{\376\377\000P\000u\000l\000l\000\040\000I\000m\000a\000g\000e\000\040\000d\000a\000r\000i\000\040\000D\000o\000c\000k\000e\000r\000\040\000R\000e\000g\000i\000s\000t\000r\000y}{chapter.4}% 22
\BOOKMARK [0][-]{chapter.5}{\376\377\000D\000o\000c\000k\000e\000r\000\040\000V\000o\000l\000u\000m\000e}{}% 23
\BOOKMARK [1][-]{section.5.1}{\376\377\000P\000e\000m\000b\000u\000k\000a}{chapter.5}% 24
\BOOKMARK [1][-]{section.5.2}{\376\377\000K\000a\000p\000a\000n\000\040\000m\000e\000n\000g\000g\000u\000n\000a\000k\000a\000n\000\040\000v\000o\000l\000u\000m\000e\000\040\000?}{chapter.5}% 25
\BOOKMARK [1][-]{section.5.3}{\376\377\000M\000e\000m\000b\000u\000a\000t\000\040\000d\000o\000c\000k\000e\000r\000\040\000V\000o\000l\000u\000m\000e}{chapter.5}% 26
\BOOKMARK [0][-]{chapter.6}{\376\377\000M\000e\000m\000a\000n\000i\000p\000u\000l\000a\000s\000i\000\040\000F\000i\000l\000e\000\040\000P\000a\000d\000a\000\040\000D\000o\000c\000k\000e\000r\000\040\000v\000o\000l\000u\000m\000e}{}% 27
\BOOKMARK [1][-]{section.6.1}{\376\377\000P\000e\000m\000b\000u\000k\000a}{chapter.6}% 28
\BOOKMARK [1][-]{section.6.2}{\376\377\000L\000a\000n\000g\000k\000a\000h\000\040\000m\000e\000m\000a\000n\000i\000p\000u\000l\000a\000s\000i\000\040\000f\000i\000l\000e\000\040\000p\000a\000d\000a\000\040\000d\000o\000c\000k\000e\000r\000\040\000v\000o\000l\000u\000m\000e}{chapter.6}% 29
\BOOKMARK [0][-]{chapter.7}{\376\377\000D\000o\000c\000k\000e\000r\000\040\000N\000e\000t\000w\000o\000r\000k}{}% 30
\BOOKMARK [1][-]{section.7.1}{\376\377\000P\000e\000n\000g\000e\000r\000t\000i\000a\000n}{chapter.7}% 31
\BOOKMARK [1][-]{section.7.2}{\376\377\000D\000o\000c\000k\000e\000r\000\040\000N\000e\000t\000w\000o\000r\000k\000\040\000D\000r\000i\000v\000e\000r\000s}{chapter.7}% 32
\BOOKMARK [2][-]{subsection.7.2.1}{\376\377\000B\000r\000i\000d\000g\000e\000\040\000\050\000d\000e\000f\000a\000u\000l\000t\000\051}{section.7.2}% 33
\BOOKMARK [2][-]{subsection.7.2.2}{\376\377\000H\000o\000s\000t}{section.7.2}% 34
\BOOKMARK [2][-]{subsection.7.2.3}{\376\377\000O\000v\000e\000r\000l\000a\000y}{section.7.2}% 35
\BOOKMARK [2][-]{subsection.7.2.4}{\376\377\000I\000P\000v\000l\000a\000n}{section.7.2}% 36
\BOOKMARK [2][-]{subsection.7.2.5}{\376\377\000M\000a\000c\000v\000l\000a\000n}{section.7.2}% 37
\BOOKMARK [2][-]{subsection.7.2.6}{\376\377\000N\000o\000n\000e}{section.7.2}% 38
\BOOKMARK [2][-]{subsection.7.2.7}{\376\377\000N\000e\000t\000w\000o\000r\000k\000\040\000P\000l\000u\000g\000i\000n\000s}{section.7.2}% 39
\BOOKMARK [0][-]{chapter.8}{\376\377\000M\000e\000n\000g\000h\000u\000b\000u\000n\000g\000k\000a\000n\000\040\000L\000e\000b\000i\000h\000\040\000D\000a\000r\000i\000\040\0001\000\040\000A\000p\000l\000i\000k\000a\000s\000i\000\040\000D\000e\000n\000g\000a\000n\000\040\000D\000o\000c\000k\000e\000r\000\040\000N\000e\000t\000w\000o\000r\000k}{}% 40
\BOOKMARK [1][-]{section.8.1}{\376\377\000P\000e\000m\000b\000u\000k\000a}{chapter.8}% 41
\BOOKMARK [1][-]{section.8.2}{\376\377\000L\000a\000n\000g\000k\000a\000h\000\040\000m\000e\000n\000g\000h\000u\000b\000u\000n\000g\000k\000a\000n\000\040\000l\000e\000b\000i\000h\000\040\000d\000a\000r\000i\000\040\0001\000\040\000a\000p\000l\000i\000k\000a\000s\000i\000\040\000d\000e\000n\000g\000a\000n\000\040\000d\000o\000c\000k\000e\000r\000\040\000n\000e\000t\000w\000o\000r\000k}{chapter.8}% 42
\BOOKMARK [0][-]{chapter.9}{\376\377\000P\000e\000r\000b\000e\000d\000a\000a\000n\000\040\000D\000o\000c\000k\000e\000r\000\040\000V\000e\000r\000s\000i\000o\000n}{}% 43
\BOOKMARK [1][-]{section.9.1}{\376\377\000P\000e\000m\000b\000u\000k\000a}{chapter.9}% 44
\BOOKMARK [1][-]{section.9.2}{\376\377\000P\000e\000r\000b\000e\000d\000a\000a\000n\000\040\000d\000o\000c\000k\000e\000r\000\040\000v\000e\000r\000s\000i\000o\000n}{chapter.9}% 45
\BOOKMARK [0][-]{chapter.10}{\376\377\000T\000e\000n\000t\000a\000n\000g\000\040\000D\000o\000c\000k\000e\000r\000\040\000H\000u\000b}{}% 46
\BOOKMARK [1][-]{section.10.1}{\376\377\000P\000e\000n\000g\000e\000r\000t\000i\000a\000n}{chapter.10}% 47
\BOOKMARK [1][-]{section.10.2}{\376\377\000F\000i\000t\000u\000r\000\040\000D\000o\000c\000k\000e\000r\000\040\000H\000u\000b}{chapter.10}% 48
