This is pdfTeX, Version 3.141592653-2.6-1.40.24 (MiKTeX 22.7.30) (preloaded format=pdflatex 2022.8.12)  24 AUG 2022 08:15
entering extended mode
 restricted \write18 enabled.
 file:line:error style messages enabled.
 %&-line parsing enabled.
**d:/laporan-magang-part2/TemplateBukuPanduan-master/main.tex
(d:/laporan-magang-part2/TemplateBukuPanduan-master/main.tex
LaTeX2e <2022-06-01> patch level 5
L3 programming layer <2022-08-05> (C:\Users\Rizki_PC\AppData\Local\Programs\MiKTeX\tex/latex/base\book.cls
Document Class: book 2021/10/04 v1.4n Standard LaTeX document class
(C:\Users\Rizki_PC\AppData\Local\Programs\MiKTeX\tex/latex/base\bk11.clo
File: bk11.clo 2021/10/04 v1.4n Standard LaTeX file (size option)
)
\c@part=\count185
\c@chapter=\count186
\c@section=\count187
\c@subsection=\count188
\c@subsubsection=\count189
\c@paragraph=\count190
\c@subparagraph=\count191
\c@figure=\count192
\c@table=\count193
\abovecaptionskip=\skip47
\belowcaptionskip=\skip48
\bibindent=\dimen138
) (C:\Users\Rizki_PC\AppData\Local\Programs\MiKTeX\tex/latex/base\fontenc.sty
Package: fontenc 2021/04/29 v2.0v Standard LaTeX package
) (C:\Users\Rizki_PC\AppData\Local\Programs\MiKTeX\tex/latex/base\inputenc.sty
Package: inputenc 2021/02/14 v1.3d Input encoding file
\inpenc@prehook=\toks16
\inpenc@posthook=\toks17
) (C:\Users\Rizki_PC\AppData\Local\Programs\MiKTeX\tex/latex/lm\lmodern.sty
Package: lmodern 2015/05/01 v1.6.1 Latin Modern Fonts
LaTeX Font Info:    Overwriting symbol font `operators' in version `normal'
(Font)                  OT1/cmr/m/n --> OT1/lmr/m/n on input line 22.
LaTeX Font Info:    Overwriting symbol font `letters' in version `normal'
(Font)                  OML/cmm/m/it --> OML/lmm/m/it on input line 23.
LaTeX Font Info:    Overwriting symbol font `symbols' in version `normal'
(Font)                  OMS/cmsy/m/n --> OMS/lmsy/m/n on input line 24.
LaTeX Font Info:    Overwriting symbol font `largesymbols' in version `normal'
(Font)                  OMX/cmex/m/n --> OMX/lmex/m/n on input line 25.
LaTeX Font Info:    Overwriting symbol font `operators' in version `bold'
(Font)                  OT1/cmr/bx/n --> OT1/lmr/bx/n on input line 26.
LaTeX Font Info:    Overwriting symbol font `letters' in version `bold'
(Font)                  OML/cmm/b/it --> OML/lmm/b/it on input line 27.
LaTeX Font Info:    Overwriting symbol font `symbols' in version `bold'
(Font)                  OMS/cmsy/b/n --> OMS/lmsy/b/n on input line 28.
LaTeX Font Info:    Overwriting symbol font `largesymbols' in version `bold'
(Font)                  OMX/cmex/m/n --> OMX/lmex/m/n on input line 29.
LaTeX Font Info:    Overwriting math alphabet `\mathbf' in version `normal'
(Font)                  OT1/cmr/bx/n --> OT1/lmr/bx/n on input line 31.
LaTeX Font Info:    Overwriting math alphabet `\mathsf' in version `normal'
(Font)                  OT1/cmss/m/n --> OT1/lmss/m/n on input line 32.
LaTeX Font Info:    Overwriting math alphabet `\mathit' in version `normal'
(Font)                  OT1/cmr/m/it --> OT1/lmr/m/it on input line 33.
LaTeX Font Info:    Overwriting math alphabet `\mathtt' in version `normal'
(Font)                  OT1/cmtt/m/n --> OT1/lmtt/m/n on input line 34.
LaTeX Font Info:    Overwriting math alphabet `\mathbf' in version `bold'
(Font)                  OT1/cmr/bx/n --> OT1/lmr/bx/n on input line 35.
LaTeX Font Info:    Overwriting math alphabet `\mathsf' in version `bold'
(Font)                  OT1/cmss/bx/n --> OT1/lmss/bx/n on input line 36.
LaTeX Font Info:    Overwriting math alphabet `\mathit' in version `bold'
(Font)                  OT1/cmr/bx/it --> OT1/lmr/bx/it on input line 37.
LaTeX Font Info:    Overwriting math alphabet `\mathtt' in version `bold'
(Font)                  OT1/cmtt/m/n --> OT1/lmtt/m/n on input line 38.
) (C:\Users\Rizki_PC\AppData\Local\Programs\MiKTeX\tex/latex/hyperref\hyperref.sty
Package: hyperref 2022-06-20 v7.00s Hypertext links for LaTeX
 (C:\Users\Rizki_PC\AppData\Local\Programs\MiKTeX\tex/generic/ltxcmds\ltxcmds.sty
Package: ltxcmds 2020-05-10 v1.25 LaTeX kernel commands for general use (HO)
) (C:\Users\Rizki_PC\AppData\Local\Programs\MiKTeX\tex/generic/iftex\iftex.sty
Package: iftex 2022/02/03 v1.0f TeX engine tests
) (C:\Users\Rizki_PC\AppData\Local\Programs\MiKTeX\tex/generic/pdftexcmds\pdftexcmds.sty
Package: pdftexcmds 2020-06-27 v0.33 Utility functions of pdfTeX for LuaTeX (HO)
 (C:\Users\Rizki_PC\AppData\Local\Programs\MiKTeX\tex/generic/infwarerr\infwarerr.sty
Package: infwarerr 2019/12/03 v1.5 Providing info/warning/error messages (HO)
)
Package pdftexcmds Info: \pdf@primitive is available.
Package pdftexcmds Info: \pdf@ifprimitive is available.
Package pdftexcmds Info: \pdfdraftmode found.
) (C:\Users\Rizki_PC\AppData\Local\Programs\MiKTeX\tex/latex/graphics\keyval.sty
Package: keyval 2022/05/29 v1.15 key=value parser (DPC)
\KV@toks@=\toks18
) (C:\Users\Rizki_PC\AppData\Local\Programs\MiKTeX\tex/generic/kvsetkeys\kvsetkeys.sty
Package: kvsetkeys 2019/12/15 v1.18 Key value parser (HO)
) (C:\Users\Rizki_PC\AppData\Local\Programs\MiKTeX\tex/generic/kvdefinekeys\kvdefinekeys.sty
Package: kvdefinekeys 2019-12-19 v1.6 Define keys (HO)
) (C:\Users\Rizki_PC\AppData\Local\Programs\MiKTeX\tex/generic/pdfescape\pdfescape.sty
Package: pdfescape 2019/12/09 v1.15 Implements pdfTeX's escape features (HO)
) (C:\Users\Rizki_PC\AppData\Local\Programs\MiKTeX\tex/latex/hycolor\hycolor.sty
Package: hycolor 2020-01-27 v1.10 Color options for hyperref/bookmark (HO)
) (C:\Users\Rizki_PC\AppData\Local\Programs\MiKTeX\tex/latex/letltxmacro\letltxmacro.sty
Package: letltxmacro 2019/12/03 v1.6 Let assignment for LaTeX macros (HO)
) (C:\Users\Rizki_PC\AppData\Local\Programs\MiKTeX\tex/latex/auxhook\auxhook.sty
Package: auxhook 2019-12-17 v1.6 Hooks for auxiliary files (HO)
) (C:\Users\Rizki_PC\AppData\Local\Programs\MiKTeX\tex/latex/hyperref\nameref.sty
Package: nameref 2022-05-17 v2.50 Cross-referencing by name of section
 (C:\Users\Rizki_PC\AppData\Local\Programs\MiKTeX\tex/latex/refcount\refcount.sty
Package: refcount 2019/12/15 v3.6 Data extraction from label references (HO)
) (C:\Users\Rizki_PC\AppData\Local\Programs\MiKTeX\tex/generic/gettitlestring\gettitlestring.sty
Package: gettitlestring 2019/12/15 v1.6 Cleanup title references (HO)
 (C:\Users\Rizki_PC\AppData\Local\Programs\MiKTeX\tex/latex/kvoptions\kvoptions.sty
Package: kvoptions 2022-06-15 v3.15 Key value format for package options (HO)
))
\c@section@level=\count194
)
\@linkdim=\dimen139
\Hy@linkcounter=\count195
\Hy@pagecounter=\count196
 (C:\Users\Rizki_PC\AppData\Local\Programs\MiKTeX\tex/latex/hyperref\pd1enc.def
File: pd1enc.def 2022-06-20 v7.00s Hyperref: PDFDocEncoding definition (HO)
Now handling font encoding PD1 ...
... no UTF-8 mapping file for font encoding PD1
) (C:\Users\Rizki_PC\AppData\Local\Programs\MiKTeX\tex/generic/intcalc\intcalc.sty
Package: intcalc 2019/12/15 v1.3 Expandable calculations with integers (HO)
) (C:\Users\Rizki_PC\AppData\Local\Programs\MiKTeX\tex/generic/etexcmds\etexcmds.sty
Package: etexcmds 2019/12/15 v1.7 Avoid name clashes with e-TeX commands (HO)
)
\Hy@SavedSpaceFactor=\count197
 (C:\Users\Rizki_PC\AppData\Local\Programs\MiKTeX\tex/latex/hyperref\puenc.def
File: puenc.def 2022-06-20 v7.00s Hyperref: PDF Unicode definition (HO)
Now handling font encoding PU ...
... no UTF-8 mapping file for font encoding PU
)
Package hyperref Info: Hyper figures OFF on input line 4162.
Package hyperref Info: Link nesting OFF on input line 4167.
Package hyperref Info: Hyper index ON on input line 4170.
Package hyperref Info: Plain pages OFF on input line 4177.
Package hyperref Info: Backreferencing OFF on input line 4182.
Package hyperref Info: Implicit mode ON; LaTeX internals redefined.
Package hyperref Info: Bookmarks ON on input line 4408.
\c@Hy@tempcnt=\count198
 (C:\Users\Rizki_PC\AppData\Local\Programs\MiKTeX\tex/latex/url\url.sty
\Urlmuskip=\muskip16
Package: url 2013/09/16  ver 3.4  Verb mode for urls, etc.
)
LaTeX Info: Redefining \url on input line 4746.
\XeTeXLinkMargin=\dimen140
 (C:\Users\Rizki_PC\AppData\Local\Programs\MiKTeX\tex/generic/bitset\bitset.sty
Package: bitset 2019/12/09 v1.3 Handle bit-vector datatype (HO)
 (C:\Users\Rizki_PC\AppData\Local\Programs\MiKTeX\tex/generic/bigintcalc\bigintcalc.sty
Package: bigintcalc 2019/12/15 v1.5 Expandable calculations on big integers (HO)
))
\Fld@menulength=\count199
\Field@Width=\dimen141
\Fld@charsize=\dimen142
Package hyperref Info: Hyper figures OFF on input line 6024.
Package hyperref Info: Link nesting OFF on input line 6029.
Package hyperref Info: Hyper index ON on input line 6032.
Package hyperref Info: backreferencing OFF on input line 6039.
Package hyperref Info: Link coloring OFF on input line 6044.
Package hyperref Info: Link coloring with OCG OFF on input line 6049.
Package hyperref Info: PDF/A mode OFF on input line 6054.
 (C:\Users\Rizki_PC\AppData\Local\Programs\MiKTeX\tex/latex/base\atbegshi-ltx.sty
Package: atbegshi-ltx 2021/01/10 v1.0c Emulation of the original atbegshi
package with kernel methods
)
\Hy@abspage=\count266
\c@Item=\count267
\c@Hfootnote=\count268
)
Package hyperref Info: Driver (autodetected): hpdftex.
 (C:\Users\Rizki_PC\AppData\Local\Programs\MiKTeX\tex/latex/hyperref\hpdftex.def
File: hpdftex.def 2022-06-20 v7.00s Hyperref driver for pdfTeX
 (C:\Users\Rizki_PC\AppData\Local\Programs\MiKTeX\tex/latex/base\atveryend-ltx.sty
Package: atveryend-ltx 2020/08/19 v1.0a Emulation of the original atveryend package
with kernel methods
)
\Fld@listcount=\count269
\c@bookmark@seq@number=\count270
 (C:\Users\Rizki_PC\AppData\Local\Programs\MiKTeX\tex/latex/rerunfilecheck\rerunfilecheck.sty
Package: rerunfilecheck 2022-07-10 v1.10 Rerun checks for auxiliary files (HO)
 (C:\Users\Rizki_PC\AppData\Local\Programs\MiKTeX\tex/generic/uniquecounter\uniquecounter.sty
Package: uniquecounter 2019/12/15 v1.4 Provide unlimited unique counter (HO)
)
Package uniquecounter Info: New unique counter `rerunfilecheck' on input line 285.
)
\Hy@SectionHShift=\skip49
) (C:\Users\Rizki_PC\AppData\Local\Programs\MiKTeX\tex/latex/graphics\graphicx.sty
Package: graphicx 2021/09/16 v1.2d Enhanced LaTeX Graphics (DPC,SPQR)
 (C:\Users\Rizki_PC\AppData\Local\Programs\MiKTeX\tex/latex/graphics\graphics.sty
Package: graphics 2022/03/10 v1.4e Standard LaTeX Graphics (DPC,SPQR)
 (C:\Users\Rizki_PC\AppData\Local\Programs\MiKTeX\tex/latex/graphics\trig.sty
Package: trig 2021/08/11 v1.11 sin cos tan (DPC)
) (C:\Users\Rizki_PC\AppData\Local\Programs\MiKTeX\tex/latex/graphics-cfg\graphics.cfg
File: graphics.cfg 2016/06/04 v1.11 sample graphics configuration
)
Package graphics Info: Driver file: pdftex.def on input line 107.
 (C:\Users\Rizki_PC\AppData\Local\Programs\MiKTeX\tex/latex/graphics-def\pdftex.def
File: pdftex.def 2020/10/05 v1.2a Graphics/color driver for pdftex
))
\Gin@req@height=\dimen143
\Gin@req@width=\dimen144
) (C:\Users\Rizki_PC\AppData\Local\Programs\MiKTeX\tex/generic/babel\babel.sty
Package: babel 2022/07/20 3.78 The Babel package
\babel@savecnt=\count271
\U@D=\dimen145
\l@unhyphenated=\language79
 (C:\Users\Rizki_PC\AppData\Local\Programs\MiKTeX\tex/generic/babel\txtbabel.def)
\bbl@readstream=\read2
\bbl@dirlevel=\count272

*************************************
* Local config file bblopts.cfg used
*
(C:\Users\Rizki_PC\AppData\Local\Programs\MiKTeX\tex/latex/arabi\bblopts.cfg
File: bblopts.cfg 2005/09/08 v0.1 add Arabic and Farsi to "declared" options of babel
) (C:\Users\Rizki_PC\AppData\Local\Programs\MiKTeX\tex/latex/babel-english\english.ldf
Language: english 2017/06/06 v3.3r English support from the babel system
Package babel Info: Hyphen rules for 'canadian' set to \l@english
(babel)             (\language0). Reported on input line 102.
Package babel Info: Hyphen rules for 'australian' set to \l@ukenglish
(babel)             (\language73). Reported on input line 105.
Package babel Info: Hyphen rules for 'newzealand' set to \l@ukenglish
(babel)             (\language73). Reported on input line 108.
)) (C:\Users\Rizki_PC\AppData\Local\Programs\MiKTeX\tex/generic/babel/locale/en\babel-english.tex
Package babel Info: Importing font and identification data for english
(babel)             from babel-en.ini. Reported on input line 11.
) (C:\Users\Rizki_PC\AppData\Local\Programs\MiKTeX\tex/latex/xcolor\xcolor.sty
Package: xcolor 2022/06/12 v2.14 LaTeX color extensions (UK)
 (C:\Users\Rizki_PC\AppData\Local\Programs\MiKTeX\tex/latex/graphics-cfg\color.cfg
File: color.cfg 2016/01/02 v1.6 sample color configuration
)
Package xcolor Info: Driver file: pdftex.def on input line 227.
 (C:\Users\Rizki_PC\AppData\Local\Programs\MiKTeX\tex/latex-dev/graphics\mathcolor.ltx)
Package xcolor Info: Model `cmy' substituted by `cmy0' on input line 1353.
Package xcolor Info: Model `hsb' substituted by `rgb' on input line 1357.
Package xcolor Info: Model `RGB' extended on input line 1369.
Package xcolor Info: Model `HTML' substituted by `rgb' on input line 1371.
Package xcolor Info: Model `Hsb' substituted by `hsb' on input line 1372.
Package xcolor Info: Model `tHsb' substituted by `hsb' on input line 1373.
Package xcolor Info: Model `HSB' substituted by `hsb' on input line 1374.
Package xcolor Info: Model `Gray' substituted by `gray' on input line 1375.
Package xcolor Info: Model `wave' substituted by `hsb' on input line 1376.
 (C:\Users\Rizki_PC\AppData\Local\Programs\MiKTeX\tex/latex/graphics\dvipsnam.def
File: dvipsnam.def 2016/06/17 v3.0m Driver-dependent file (DPC,SPQR)
))
LaTeX Font Info:    Trying to load font information for T1+lmr on input line 63.
 (C:\Users\Rizki_PC\AppData\Local\Programs\MiKTeX\tex/latex/lm\t1lmr.fd
File: t1lmr.fd 2015/05/01 v1.6.1 Font defs for Latin Modern
) (C:\Users\Rizki_PC\AppData\Local\Programs\MiKTeX\tex/latex/l3backend\l3backend-pdftex.def
File: l3backend-pdftex.def 2022-08-05 L3 backend support: PDF output (pdfTeX)
\l__color_backend_stack_int=\count273
\l__pdf_internal_box=\box51
) (main.aux

LaTeX Warning: Label `fig:my_figure' multiply defined.


LaTeX Warning: Label `fig:my_figure' multiply defined.


LaTeX Warning: Label `fig:my_figure' multiply defined.


LaTeX Warning: Label `fig:my_figure' multiply defined.


LaTeX Warning: Label `fig:my_figure' multiply defined.


LaTeX Warning: Label `fig:my_figure' multiply defined.


LaTeX Warning: Label `fig:my_figure' multiply defined.


LaTeX Warning: Label `fig:my_figure' multiply defined.


LaTeX Warning: Label `fig:my_figure' multiply defined.


LaTeX Warning: Label `fig:my_figure' multiply defined.


LaTeX Warning: Label `fig:my_figure' multiply defined.


LaTeX Warning: Label `fig:my_figure' multiply defined.


LaTeX Warning: Label `fig:my_figure' multiply defined.


LaTeX Warning: Label `fig:my_figure' multiply defined.


LaTeX Warning: Label `fig:my_figure' multiply defined.


LaTeX Warning: Label `fig:my_figure' multiply defined.


LaTeX Warning: Label `fig:my_figure' multiply defined.


LaTeX Warning: Label `fig:my_figure' multiply defined.


LaTeX Warning: Label `fig:my_figure' multiply defined.


LaTeX Warning: Label `fig:my_figure' multiply defined.


LaTeX Warning: Label `fig:my_figure' multiply defined.


LaTeX Warning: Label `fig:my_figure' multiply defined.


LaTeX Warning: Label `fig:my_figure' multiply defined.


LaTeX Warning: Label `fig:my_figure' multiply defined.


LaTeX Warning: Label `fig:my_figure' multiply defined.


LaTeX Warning: Label `fig:my_figure' multiply defined.


LaTeX Warning: Label `fig:my_figure' multiply defined.


LaTeX Warning: Label `fig:my_figure' multiply defined.


LaTeX Warning: Label `fig:my_figure' multiply defined.


LaTeX Warning: Label `fig:my_figure' multiply defined.


LaTeX Warning: Label `fig:my_figure' multiply defined.


LaTeX Warning: Label `fig:my_figure' multiply defined.


LaTeX Warning: Label `fig:my_figure' multiply defined.


LaTeX Warning: Label `fig:my_figure' multiply defined.


LaTeX Warning: Label `fig:my_figure' multiply defined.


LaTeX Warning: Label `fig:my_figure' multiply defined.


LaTeX Warning: Label `fig:my_figure' multiply defined.


LaTeX Warning: Label `fig:my_figure' multiply defined.


LaTeX Warning: Label `fig:my_figure' multiply defined.


LaTeX Warning: Label `fig:my_figure' multiply defined.


LaTeX Warning: Label `fig:my_figure' multiply defined.


LaTeX Warning: Label `fig:my_figure' multiply defined.


LaTeX Warning: Label `fig:my_figure' multiply defined.


LaTeX Warning: Label `fig:my_figure' multiply defined.


LaTeX Warning: Label `fig:my_figure' multiply defined.


LaTeX Warning: Label `fig:my_figure' multiply defined.

)
\openout1 = `main.aux'.

LaTeX Font Info:    Checking defaults for OML/cmm/m/it on input line 63.
LaTeX Font Info:    ... okay on input line 63.
LaTeX Font Info:    Checking defaults for OMS/cmsy/m/n on input line 63.
LaTeX Font Info:    ... okay on input line 63.
LaTeX Font Info:    Checking defaults for OT1/cmr/m/n on input line 63.
LaTeX Font Info:    ... okay on input line 63.
LaTeX Font Info:    Checking defaults for T1/cmr/m/n on input line 63.
LaTeX Font Info:    ... okay on input line 63.
LaTeX Font Info:    Checking defaults for TS1/cmr/m/n on input line 63.
LaTeX Font Info:    ... okay on input line 63.
LaTeX Font Info:    Checking defaults for OMX/cmex/m/n on input line 63.
LaTeX Font Info:    ... okay on input line 63.
LaTeX Font Info:    Checking defaults for U/cmr/m/n on input line 63.
LaTeX Font Info:    ... okay on input line 63.
LaTeX Font Info:    Checking defaults for PD1/pdf/m/n on input line 63.
LaTeX Font Info:    ... okay on input line 63.
LaTeX Font Info:    Checking defaults for PU/pdf/m/n on input line 63.
LaTeX Font Info:    ... okay on input line 63.
Package hyperref Info: Link coloring OFF on input line 63.
 (main.out) (main.out)
\@outlinefile=\write3
\openout3 = `main.out'.

 (C:\Users\Rizki_PC\AppData\Local\Programs\MiKTeX\tex/context/base/mkii\supp-pdf.mkii
[Loading MPS to PDF converter (version 2006.09.02).]
\scratchcounter=\count274
\scratchdimen=\dimen146
\scratchbox=\box52
\nofMPsegments=\count275
\nofMParguments=\count276
\everyMPshowfont=\toks19
\MPscratchCnt=\count277
\MPscratchDim=\dimen147
\MPnumerator=\count278
\makeMPintoPDFobject=\count279
\everyMPtoPDFconversion=\toks20
) (C:\Users\Rizki_PC\AppData\Local\Programs\MiKTeX\tex/latex/epstopdf-pkg\epstopdf-base.sty
Package: epstopdf-base 2020-01-24 v2.11 Base part for package epstopdf
 (C:\Users\Rizki_PC\AppData\Local\Programs\MiKTeX\tex/latex/grfext\grfext.sty
Package: grfext 2019/12/03 v1.3 Manage graphics extensions (HO)
)
Package epstopdf-base Info: Redefining graphics rule for `.eps' on input line 485.
Package grfext Info: Graphics extension search list:
(grfext)             [.pdf,.png,.jpg,.mps,.jpeg,.jbig2,.jb2,.PDF,.PNG,.JPG,.JPEG,.JBIG2,.JB2,.eps]
(grfext)             \AppendGraphicsExtensions on input line 504.
 (C:\Users\Rizki_PC\AppData\Local\Programs\MiKTeX\tex/latex/00miktex\epstopdf-sys.cfg
File: epstopdf-sys.cfg 2021/03/18 v2.0 Configuration of epstopdf for MiKTeX
))
LaTeX Font Info:    Trying to load font information for OT1+lmr on input line 67.
 (C:\Users\Rizki_PC\AppData\Local\Programs\MiKTeX\tex/latex/lm\ot1lmr.fd
File: ot1lmr.fd 2015/05/01 v1.6.1 Font defs for Latin Modern
)
LaTeX Font Info:    Trying to load font information for OML+lmm on input line 67.
 (C:\Users\Rizki_PC\AppData\Local\Programs\MiKTeX\tex/latex/lm\omllmm.fd
File: omllmm.fd 2015/05/01 v1.6.1 Font defs for Latin Modern
)
LaTeX Font Info:    Trying to load font information for OMS+lmsy on input line 67.
 (C:\Users\Rizki_PC\AppData\Local\Programs\MiKTeX\tex/latex/lm\omslmsy.fd
File: omslmsy.fd 2015/05/01 v1.6.1 Font defs for Latin Modern
)
LaTeX Font Info:    Trying to load font information for OMX+lmex on input line 67.
 (C:\Users\Rizki_PC\AppData\Local\Programs\MiKTeX\tex/latex/lm\omxlmex.fd
File: omxlmex.fd 2015/05/01 v1.6.1 Font defs for Latin Modern
)
LaTeX Font Info:    External font `lmex10' loaded for size
(Font)              <24.88> on input line 67.
LaTeX Font Info:    External font `lmex10' loaded for size
(Font)              <20.74> on input line 67.
LaTeX Font Info:    External font `lmex10' loaded for size
(Font)              <17.28> on input line 67.
LaTeX Font Info:    External font `lmex10' loaded for size
(Font)              <14.4> on input line 67.
LaTeX Font Info:    External font `lmex10' loaded for size
(Font)              <12> on input line 67.
LaTeX Font Info:    External font `lmex10' loaded for size
(Font)              <8> on input line 67.
LaTeX Font Info:    External font `lmex10' loaded for size
(Font)              <6> on input line 67.
LaTeX Font Info:    External font `lmex10' loaded for size
(Font)              <10> on input line 67.
LaTeX Font Info:    External font `lmex10' loaded for size
(Font)              <7> on input line 67.
LaTeX Font Info:    External font `lmex10' loaded for size
(Font)              <5> on input line 67.
LaTeX Font Info:    Trying to load font information for T1+lmtt on input line 67.
 (C:\Users\Rizki_PC\AppData\Local\Programs\MiKTeX\tex/latex/lm\t1lmtt.fd
File: t1lmtt.fd 2015/05/01 v1.6.1 Font defs for Latin Modern
) [1



{C:/Users/Rizki_PC/AppData/Local/MiKTeX/fonts/map/pdftex/pdftex.map}] [2

] (main.toc
LaTeX Font Info:    External font `lmex10' loaded for size
(Font)              <10.95> on input line 3.
 [3])
\tf@toc=\write4
\openout4 = `main.toc'.

 [4] (main.lof [5

])
\tf@lof=\write5
\openout5 = `main.lof'.

 [6] (main.lot)
\tf@lot=\write6
\openout6 = `main.lot'.

 [7

] [8

] (chapter/tentang_docker.tex
 1.
<image/docker.PNG, id=391, 770.88pt x 197.98969pt>
File: image/docker.PNG Graphic file (type png)
<use image/docker.PNG>
Package pdftex.def Info: image/docker.PNG  used on input line 13.
(pdftex.def)             Requested size: 360.0pt x 92.46pt.
[1

 <./image/docker.PNG>]
Overfull \hbox (25.25726pt too wide) in paragraph at lines 30--31
[]\T1/lmr/m/n/10.95 Kontainer docker da-pat ber-jalan di-mana saja, baik lokal, mesin fisik/virtual,
 []


Overfull \hbox (3.02264pt too wide) in paragraph at lines 38--43
\T1/lmr/m/n/10.95 Docker client da-pat berko-mu-nikasi den-gan Docker dae-mon yang men-jalankan
 []


Overfull \hbox (13.9712pt too wide) in paragraph at lines 38--43
\T1/lmr/m/n/10.95 tu-gas un-tuk mem-ban-gun, men-jalankan, dan mendis-tribusikan con-tainer docker.
 []


Overfull \hbox (5.18245pt too wide) in paragraph at lines 38--43
\T1/lmr/m/n/10.95 client un-tuk berko-mu-nikasi den-gan ap-likasi yang di-dalam-nya ter-da-pat banyak
 []

<image/architecture.jpg, id=399, 1185.96924pt x 619.85423pt>
File: image/architecture.jpg Graphic file (type jpg)
<use image/architecture.jpg>
Package pdftex.def Info: image/architecture.jpg  used on input line 46.
(pdftex.def)             Requested size: 360.0pt x 188.152pt.
[2] [3 <./image/architecture.jpg>]) (chapter/instalasi_docker.tex [4]
 2.
<image/2.jpg, id=419, 551.81157pt x 363.60844pt>
File: image/2.jpg Graphic file (type jpg)
<use image/2.jpg>
Package pdftex.def Info: image/2.jpg  used on input line 14.
(pdftex.def)             Requested size: 360.0pt x 237.22484pt.

Underfull \hbox (badness 2181) in paragraph at lines 19--20
\T1/lmr/m/n/10.95 COMMAND: []sudo apt in-stall apt-transport-https ca-certificates curl
 []

<image/3.jpg, id=420, 546.54187pt x 371.13657pt>
File: image/3.jpg Graphic file (type jpg)
<use image/3.jpg>
Package pdftex.def Info: image/3.jpg  used on input line 21.
(pdftex.def)             Requested size: 360.0pt x 244.46385pt.

LaTeX Warning: Float too large for page by 73.59612pt on input line 25.

<image/4.jpg, id=421, 553.31718pt x 370.38374pt>
File: image/4.jpg Graphic file (type jpg)
<use image/4.jpg>
Package pdftex.def Info: image/4.jpg  used on input line 33.
(pdftex.def)             Requested size: 360.0pt x 240.97829pt.

Underfull \hbox (badness 10000) in paragraph at lines 38--39
\T1/lmr/m/n/10.95 COMMAND: []sudo add-apt-repository ^^Pdeb [arch=amd64]
 []

<image/15.jpg, id=422, 551.81157pt x 365.11406pt>
File: image/15.jpg Graphic file (type jpg)
<use image/15.jpg>
Package pdftex.def Info: image/15.jpg  used on input line 40.
(pdftex.def)             Requested size: 360.0pt x 238.20714pt.

LaTeX Warning: Float too large for page by 98.90121pt on input line 44.

<image/16.jpg, id=423, 550.30594pt x 366.61969pt>
File: image/16.jpg Graphic file (type jpg)
<use image/16.jpg>
Package pdftex.def Info: image/16.jpg  used on input line 50.
(pdftex.def)             Requested size: 360.0pt x 239.84395pt.
<image/5.jpg, id=424, 548.80031pt x 363.60844pt>
File: image/5.jpg Graphic file (type jpg)
<use image/5.jpg>
Package pdftex.def Info: image/5.jpg  used on input line 57.
(pdftex.def)             Requested size: 360.0pt x 238.52312pt.

LaTeX Warning: Float too large for page by 56.67448pt on input line 61.

<image/17.jpg, id=425, 549.55313pt x 368.1253pt>
File: image/17.jpg Graphic file (type jpg)
<use image/17.jpg>
Package pdftex.def Info: image/17.jpg  used on input line 67.
(pdftex.def)             Requested size: 360.0pt x 241.15472pt.
<image/14.jpg, id=426, 548.80031pt x 368.87813pt>
File: image/14.jpg Graphic file (type jpg)
<use image/14.jpg>
Package pdftex.def Info: image/14.jpg  used on input line 75.
(pdftex.def)             Requested size: 360.0pt x 241.97998pt.

LaTeX Warning: Float too large for page by 47.84212pt on input line 79.

) (chapter/build_aplikasi_dan_run_pada_docker.tex [5

] [6 <./image/2.jpg> <./image/3.jpg>] [7 <./image/4.jpg> <./image/15.jpg>] [8 <./image/16.jpg> <./image/5.jpg>] [9 <./image/17.jpg> <./image/14.jpg>] [10

]
 3.
<image/19.jpg, id=460, 554.82281pt x 368.1253pt>
File: image/19.jpg Graphic file (type jpg)
<use image/19.jpg>
Package pdftex.def Info: image/19.jpg  used on input line 24.
(pdftex.def)             Requested size: 360.0pt x 238.86295pt.
<image/21.jpg, id=461, 546.54187pt x 362.85562pt>
File: image/21.jpg Graphic file (type jpg)
<use image/21.jpg>
Package pdftex.def Info: image/21.jpg  used on input line 35.
(pdftex.def)             Requested size: 360.0pt x 239.0093pt.
<image/22.jpg, id=462, 551.05875pt x 358.33875pt>
File: image/22.jpg Graphic file (type jpg)
<use image/22.jpg>
Package pdftex.def Info: image/22.jpg  used on input line 47.
(pdftex.def)             Requested size: 360.0pt x 234.1094pt.

LaTeX Warning: Float too large for page by 40.19078pt on input line 51.

<image/23.jpg, id=463, 548.0475pt x 362.85562pt>
File: image/23.jpg Graphic file (type jpg)
<use image/23.jpg>
Package pdftex.def Info: image/23.jpg  used on input line 58.
(pdftex.def)             Requested size: 360.0pt x 238.35596pt.

Underfull \hbox (badness 10000) in paragraph at lines 67--69
[]\T1/lmr/m/n/10.95 COMMAND: []docker im-age tag 2bb7c202c103 rizki-
 []

<image/25.jpg, id=464, 545.78906pt x 360.59718pt>
File: image/25.jpg Graphic file (type jpg)
<use image/25.jpg>
Package pdftex.def Info: image/25.jpg  used on input line 74.
(pdftex.def)             Requested size: 360.0pt x 237.84631pt.

LaTeX Warning: Float too large for page by 101.93265pt on input line 78.

<image/29.jpg, id=465, 550.30594pt x 368.1253pt>
File: image/29.jpg Graphic file (type jpg)
<use image/29.jpg>
Package pdftex.def Info: image/29.jpg  used on input line 91.
(pdftex.def)             Requested size: 360.0pt x 240.82893pt.
<image/31.jpg, id=466, 547.2947pt x 358.33875pt>
File: image/31.jpg Graphic file (type jpg)
<use image/31.jpg>
Package pdftex.def Info: image/31.jpg  used on input line 109.
(pdftex.def)             Requested size: 360.0pt x 235.71147pt.
<image/34.jpg, id=467, 770.12718pt x 506.6428pt>
File: image/34.jpg Graphic file (type jpg)
<use image/34.jpg>
Package pdftex.def Info: image/34.jpg  used on input line 116.
(pdftex.def)             Requested size: 360.0pt x 236.83112pt.

LaTeX Warning: Float too large for page by 27.80899pt on input line 127.

) (chapter/upload_dan_pull_image.tex [11] [12 <./image/19.jpg>] [13 <./image/21.jpg> <./image/22.jpg>] [14 <./image/23.jpg> <./image/25.jpg>] [15 <./image/29.jpg>] [16 <./image/31.jpg> <./image/34.jpg>]
 4.
<image/26.jpg, id=493, 767.86874pt x 505.89pt>
File: image/26.jpg Graphic file (type jpg)
<use image/26.jpg>
Package pdftex.def Info: image/26.jpg  used on input line 14.
(pdftex.def)             Requested size: 360.0pt x 237.18166pt.
<image/27.jpg, id=494, 767.86874pt x 508.14844pt>
File: image/27.jpg Graphic file (type jpg)
<use image/27.jpg>
Package pdftex.def Info: image/27.jpg  used on input line 23.
(pdftex.def)             Requested size: 360.0pt x 238.24051pt.
<image/28.jpg, id=495, 770.12718pt x 507.39563pt>
File: image/28.jpg Graphic file (type jpg)
<use image/28.jpg>
Package pdftex.def Info: image/28.jpg  used on input line 30.
(pdftex.def)             Requested size: 360.0pt x 237.18303pt.

LaTeX Warning: Float too large for page by 17.42474pt on input line 34.

<image/30.jpg, id=496, 550.30594pt x 367.3725pt>
File: image/30.jpg Graphic file (type jpg)
<use image/30.jpg>
Package pdftex.def Info: image/30.jpg  used on input line 40.
(pdftex.def)             Requested size: 360.0pt x 240.33644pt.
<image/32.jpg, id=497, 549.55313pt x 362.85562pt>
File: image/32.jpg Graphic file (type jpg)
<use image/32.jpg>
Package pdftex.def Info: image/32.jpg  used on input line 50.
(pdftex.def)             Requested size: 360.0pt x 237.70262pt.

LaTeX Warning: Float too large for page by 49.97777pt on input line 54.

<image/33.jpg, id=498, 769.37437pt x 502.12593pt>
File: image/33.jpg Graphic file (type jpg)
<use image/33.jpg>
Package pdftex.def Info: image/33.jpg  used on input line 59.
(pdftex.def)             Requested size: 360.0pt x 234.95721pt.
<image/35.jpg, id=499, 553.31718pt x 365.86688pt>
File: image/35.jpg Graphic file (type jpg)
<use image/35.jpg>
Package pdftex.def Info: image/35.jpg  used on input line 78.
(pdftex.def)             Requested size: 360.0pt x 238.03954pt.
) (chapter/docker_volume.tex [17

] [18 <./image/26.jpg>] [19 <./image/27.jpg> <./image/28.jpg>] [20 <./image/30.jpg> <./image/32.jpg>] [21 <./image/33.jpg>] [22 <./image/35.jpg>]
 5.
LaTeX Font Info:    Trying to load font information for TS1+lmr on input line 10.
(C:\Users\Rizki_PC\AppData\Local\Programs\MiKTeX\tex/latex/lm\ts1lmr.fd
File: ts1lmr.fd 2015/05/01 v1.6.1 Font defs for Latin Modern
)
Overfull \hbox (14.0935pt too wide) in paragraph at lines 12--13
[]\T1/lmr/m/n/10.95 Perlu men-cadan-gkan (backup), memulihkan (re-store), atau mem-i-grasikan
 []


Underfull \hbox (badness 1199) in paragraph at lines 21--22
[]\T1/lmr/m/n/10.95 Membuat docker vol-ume saat con-tainer dibuat : []docker run <OP-
 []

<image/38.jpg, id=525, 613.54219pt x 362.85562pt>
File: image/38.jpg Graphic file (type jpg)
<use image/38.jpg>
Package pdftex.def Info: image/38.jpg  used on input line 33.
(pdftex.def)             Requested size: 360.0pt x 212.90918pt.
<image/39.jpg, id=526, 768.62157pt x 497.60907pt>
File: image/39.jpg Graphic file (type jpg)
<use image/39.jpg>
Package pdftex.def Info: image/39.jpg  used on input line 40.
(pdftex.def)             Requested size: 360.0pt x 233.07144pt.

LaTeX Warning: Float too large for page by 112.66495pt on input line 44.

<image/40.jpg, id=527, 618.05907pt x 362.85562pt>
File: image/40.jpg Graphic file (type jpg)
<use image/40.jpg>
Package pdftex.def Info: image/40.jpg  used on input line 52.
(pdftex.def)             Requested size: 360.0pt x 211.35889pt.
) (chapter/memanipulasi_file_dengan_docker_volume.tex [23

] [24 <./image/38.jpg> <./image/39.jpg>] [25 <./image/40.jpg>] [26

]
 6.
<image/41.jpg, id=546, 610.53094pt x 362.10281pt>
File: image/41.jpg Graphic file (type jpg)
<use image/41.jpg>
Package pdftex.def Info: image/41.jpg  used on input line 10.
(pdftex.def)             Requested size: 360.0pt x 213.52277pt.
<image/42.jpg, id=547, 612.03656pt x 362.10281pt>
File: image/42.jpg Graphic file (type jpg)
<use image/42.jpg>
Package pdftex.def Info: image/42.jpg  used on input line 19.
(pdftex.def)             Requested size: 360.0pt x 212.98682pt.
<image/43.jpg, id=548, 612.03656pt x 360.59718pt>
File: image/43.jpg Graphic file (type jpg)
<use image/43.jpg>
Package pdftex.def Info: image/43.jpg  used on input line 34.
(pdftex.def)             Requested size: 360.0pt x 212.10123pt.

Underfull \hbox (badness 2080) in paragraph at lines 41--43
\T1/lmr/m/n/10.95 CON-TAINER> -v <NAMA VOL-UME:MOUNT DI-REK-TORI CON-
 []

<image/64.jpg, id=549, 554.07pt x 363.60844pt>
File: image/64.jpg Graphic file (type jpg)
<use image/64.jpg>
Package pdftex.def Info: image/64.jpg  used on input line 50.
(pdftex.def)             Requested size: 360.0pt x 236.24835pt.

LaTeX Warning: Float too large for page by 114.87997pt on input line 54.

<image/65.jpg, id=550, 557.08125pt x 368.1253pt>
File: image/65.jpg Graphic file (type jpg)
<use image/65.jpg>
Package pdftex.def Info: image/65.jpg  used on input line 83.
(pdftex.def)             Requested size: 360.0pt x 237.89679pt.
<image/66.jpg, id=551, 555.57562pt x 368.87813pt>
File: image/66.jpg Graphic file (type jpg)
<use image/66.jpg>
Package pdftex.def Info: image/66.jpg  used on input line 104.
(pdftex.def)             Requested size: 360.0pt x 239.02495pt.
<image/67.jpg, id=552, 557.08125pt x 365.86688pt>
File: image/67.jpg Graphic file (type jpg)
<use image/67.jpg>
Package pdftex.def Info: image/67.jpg  used on input line 129.
(pdftex.def)             Requested size: 360.0pt x 236.43732pt.
<image/68.jpg, id=553, 554.07pt x 367.3725pt>
File: image/68.jpg Graphic file (type jpg)
<use image/68.jpg>
Package pdftex.def Info: image/68.jpg  used on input line 136.
(pdftex.def)             Requested size: 360.0pt x 238.69398pt.

LaTeX Warning: Float too large for page by 71.53253pt on input line 140.

<image/70.jpg, id=554, 554.82281pt x 373.395pt>
File: image/70.jpg Graphic file (type jpg)
<use image/70.jpg>
Package pdftex.def Info: image/70.jpg  used on input line 149.
(pdftex.def)             Requested size: 360.0pt x 242.28226pt.
) (chapter/docker_network.tex [27] [28 <./image/41.jpg> <./image/42.jpg>] [29 <./image/43.jpg> <./image/64.jpg>] [30 <./image/65.jpg>] [31 <./image/66.jpg>] [32 <./image/67.jpg> <./image/68.jpg>] [33 <./image/70.jpg>] [34

]
 7.

Overfull \hbox (3.98502pt too wide) in paragraph at lines 13--15
\T1/lmr/m/n/10.95 lang-sung. Peng-guna da-pat meng-gu-nakan driver ini ketika tumpukan jaringan
 []

[35]
Overfull \hbox (20.48032pt too wide) in paragraph at lines 16--20
\T1/lmr/m/n/10.95 merupakan kon-fig-urasi un-tuk menghubungkan be-ber-apa docker dae-mon bersama
 []

<image/49.jpg, id=593, 552.56438pt x 363.60844pt>
File: image/49.jpg Graphic file (type jpg)
<use image/49.jpg>
Package pdftex.def Info: image/49.jpg  used on input line 35.
(pdftex.def)             Requested size: 360.0pt x 236.89195pt.
) (chapter/menghubungkan_aplikasi_docker_network.tex [36] [37 <./image/49.jpg>] [38

]
 8.

Overfull \hbox (2.80005pt too wide) in paragraph at lines 3--5
\T1/lmr/m/n/10.95 meng-gu-nakan docker net-work. Driver docker net-work yang di-gu-nakan adalah
 []

<image/50.jpg, id=606, 549.55313pt x 359.09157pt>
File: image/50.jpg Graphic file (type jpg)
<use image/50.jpg>
Package pdftex.def Info: image/50.jpg  used on input line 12.
(pdftex.def)             Requested size: 360.0pt x 235.23683pt.
<image/54.jpg, id=607, 615.0478pt x 364.36125pt>
File: image/54.jpg Graphic file (type jpg)
<use image/54.jpg>
Package pdftex.def Info: image/54.jpg  used on input line 27.
(pdftex.def)             Requested size: 360.0pt x 213.27pt.

LaTeX Warning: Float too large for page by 42.77893pt on input line 31.


Underfull \hbox (badness 10000) in paragraph at lines 38--39
[]\T1/lmr/m/n/10.95 COMMAND: []docker run -itd --network=multi-bridge-1 rizki-
 []

<image/55.jpg, id=608, 555.57562pt x 365.86688pt>
File: image/55.jpg Graphic file (type jpg)
<use image/55.jpg>
Package pdftex.def Info: image/55.jpg  used on input line 40.
(pdftex.def)             Requested size: 360.0pt x 237.07373pt.
<image/56.jpg, id=609, 556.32843pt x 364.36125pt>
File: image/56.jpg Graphic file (type jpg)
<use image/56.jpg>
Package pdftex.def Info: image/56.jpg  used on input line 51.
(pdftex.def)             Requested size: 360.0pt x 235.78122pt.

LaTeX Warning: Float too large for page by 99.19368pt on input line 56.

<image/57.jpg, id=610, 556.32843pt x 367.3725pt>
File: image/57.jpg Graphic file (type jpg)
<use image/57.jpg>
Package pdftex.def Info: image/57.jpg  used on input line 67.
(pdftex.def)             Requested size: 360.0pt x 237.72981pt.
<image/58.jpg, id=611, 557.83406pt x 76.03406pt>
File: image/58.jpg Graphic file (type jpg)
<use image/58.jpg>
Package pdftex.def Info: image/58.jpg  used on input line 78.
(pdftex.def)             Requested size: 360.0pt x 49.07pt.
<image/59.jpg, id=612, 557.83406pt x 368.87813pt>
File: image/59.jpg Graphic file (type jpg)
<use image/59.jpg>
Package pdftex.def Info: image/59.jpg  used on input line 91.
(pdftex.def)             Requested size: 360.0pt x 238.06245pt.
<image/60.jpg, id=613, 551.81157pt x 87.32625pt>
File: image/60.jpg Graphic file (type jpg)
<use image/60.jpg>
Package pdftex.def Info: image/60.jpg  used on input line 104.
(pdftex.def)             Requested size: 360.0pt x 56.97325pt.
<image/61.jpg, id=614, 555.57562pt x 366.61969pt>
File: image/61.jpg Graphic file (type jpg)
<use image/61.jpg>
Package pdftex.def Info: image/61.jpg  used on input line 113.
(pdftex.def)             Requested size: 360.0pt x 237.56154pt.
<image/62.jpg, id=615, 556.32843pt x 365.11406pt>
File: image/62.jpg Graphic file (type jpg)
<use image/62.jpg>
Package pdftex.def Info: image/62.jpg  used on input line 124.
(pdftex.def)             Requested size: 360.0pt x 236.26836pt.

LaTeX Warning: Float too large for page by 31.56024pt on input line 128.

) (chapter/perbedaan_docker_version.tex [39]
Overfull \hbox (72.9472pt too wide) has occurred while \output is active
\T1/lmr/m/n/10.95 40  \T1/lmr/m/sl/10.95 8.  MENGHUBUNGKAN LEBIH DARI 1 APLIKASI DENGAN DOCKER NETWORK
 []

[40 <./image/50.jpg> <./image/54.jpg>]
Overfull \hbox (138.26569pt too wide) has occurred while \output is active
\T1/lmr/m/sl/10.95 8.2.  LANGKAH MENGHUBUNGKAN LEBIH DARI 1 APLIKASI DENGAN DOCKER NETWORK \T1/lmr/m/n/10.95 41
 []

[41 <./image/55.jpg> <./image/56.jpg>]
Overfull \hbox (72.9472pt too wide) has occurred while \output is active
\T1/lmr/m/n/10.95 42  \T1/lmr/m/sl/10.95 8.  MENGHUBUNGKAN LEBIH DARI 1 APLIKASI DENGAN DOCKER NETWORK
 []

[42 <./image/57.jpg> <./image/58.jpg>]
Overfull \hbox (138.26569pt too wide) has occurred while \output is active
\T1/lmr/m/sl/10.95 8.2.  LANGKAH MENGHUBUNGKAN LEBIH DARI 1 APLIKASI DENGAN DOCKER NETWORK \T1/lmr/m/n/10.95 43
 []

[43 <./image/59.jpg> <./image/60.jpg>]
Overfull \hbox (72.9472pt too wide) has occurred while \output is active
\T1/lmr/m/n/10.95 44  \T1/lmr/m/sl/10.95 8.  MENGHUBUNGKAN LEBIH DARI 1 APLIKASI DENGAN DOCKER NETWORK
 []

[44 <./image/61.jpg> <./image/62.jpg>]
 9.
<image/63.jpg, id=641, 558.58687pt x 368.1253pt>
File: image/63.jpg Graphic file (type jpg)
<use image/63.jpg>
Package pdftex.def Info: image/63.jpg  used on input line 15.
(pdftex.def)             Requested size: 360.0pt x 237.25644pt.

LaTeX Warning: No positions in optional float specifier.
               Default added (so using `tbp') on input line 24.


Underfull \hbox (badness 10000) in paragraph at lines 29--29
[]\T1/lmr/m/n/10.95 Tahun
 []


Underfull \hbox (badness 10000) in paragraph at lines 29--29
[]\T1/lmr/m/n/10.95 2014-
 []


Underfull \hbox (badness 10000) in paragraph at lines 29--29
[]\T1/lmr/m/n/10.95 2018-
 []


Underfull \hbox (badness 10000) in paragraph at lines 29--30
[]\T1/lmr/m/n/10.95 2020-
 []


Underfull \hbox (badness 10000) in paragraph at lines 31--31
[]\T1/lmr/m/n/10.95 Support
 []


Underfull \hbox (badness 2961) in paragraph at lines 31--31
\T1/lmr/m/n/10.95 for com-
 []


Underfull \hbox (badness 10000) in paragraph at lines 31--31
\T1/lmr/m/n/10.95 per-ess-ing
 []


Underfull \hbox (badness 10000) in paragraph at lines 31--31
\T1/lmr/m/n/10.95 build,
 []


Underfull \hbox (badness 10000) in paragraph at lines 31--31
\T1/lmr/m/n/10.95 step
 []


Underfull \hbox (badness 10000) in paragraph at lines 31--31
\T1/lmr/m/n/10.95 num-ber,
 []


Underfull \hbox (badness 10000) in paragraph at lines 31--31
[]\T1/lmr/m/n/10.95 Support
 []


Underfull \hbox (badness 10000) in paragraph at lines 31--31
\T1/lmr/m/n/10.95 out any
 []


Underfull \hbox (badness 10000) in paragraph at lines 31--31
[]\T1/lmr/m/n/10.95 Added
 []


Underfull \hbox (badness 10000) in paragraph at lines 31--31
\T1/lmr/m/n/10.95 prune
 []


Underfull \hbox (badness 10000) in paragraph at lines 31--31
\T1/lmr/m/n/10.95 op-tions
 []


Underfull \hbox (badness 10000) in paragraph at lines 31--31
\T1/lmr/m/n/10.95 to the
 []


Underfull \hbox (badness 10000) in paragraph at lines 31--31
[]\T1/lmr/m/n/10.95 Beta
 []


Underfull \hbox (badness 10000) in paragraph at lines 31--31
\T1/lmr/m/n/10.95 ver-sions
 []


Underfull \hbox (badness 10000) in paragraph at lines 31--31
\T1/lmr/m/n/10.95 of ap-
 []


Underfull \hbox (badness 10000) in paragraph at lines 31--31
\T1/lmr/m/n/10.95 par-mor
 []


Underfull \hbox (badness 10000) in paragraph at lines 31--31
\T1/lmr/m/n/10.95 are now
 []


Underfull \hbox (badness 10000) in paragraph at lines 31--31
\T1/lmr/m/n/10.95 parsed
 []


Underfull \hbox (badness 10000) in paragraph at lines 31--31
\T1/lmr/m/n/10.95 cor-rectly
 []


Underfull \hbox (badness 10000) in paragraph at lines 31--31
\T1/lmr/m/n/10.95 pre-vent-
 []


Underfull \hbox (badness 10000) in paragraph at lines 31--32
[]\T1/lmr/m/n/10.95 Updated
 []


Underfull \hbox (badness 1776) in paragraph at lines 31--32
\T1/lmr/m/n/10.95 the bun-
 []


Underfull \hbox (badness 10000) in paragraph at lines 31--32
\T1/lmr/m/n/10.95 dled
 []


Underfull \hbox (badness 10000) in paragraph at lines 31--32
\T1/lmr/m/n/10.95 ver-sion
 []


Overfull \hbox (6.41083pt too wide) in paragraph at lines 33--33
[]\T1/lmr/m/n/10.95 Networking| 
 []


Underfull \hbox (badness 10000) in paragraph at lines 33--33
[]\T1/lmr/m/n/10.95 Support
 []


Underfull \hbox (badness 10000) in paragraph at lines 33--33
\T1/lmr/m/n/10.95 at-tach-
 []


Underfull \hbox (badness 10000) in paragraph at lines 33--33
\T1/lmr/m/n/10.95 able
 []


Underfull \hbox (badness 10000) in paragraph at lines 33--33
\T1/lmr/m/n/10.95 net-work,
 []


Underfull \hbox (badness 10000) in paragraph at lines 33--33
\T1/lmr/m/n/10.95 win-dows
 []


Underfull \hbox (badness 10000) in paragraph at lines 33--33
\T1/lmr/m/n/10.95 server
 []


Underfull \hbox (badness 10000) in paragraph at lines 33--33
\T1/lmr/m/n/10.95 2016
 []


Underfull \hbox (badness 10000) in paragraph at lines 33--33
\T1/lmr/m/n/10.95 over-lay,
 []


Underfull \hbox (badness 10000) in paragraph at lines 33--33
\T1/lmr/m/n/10.95 sepec-i-
 []


Underfull \hbox (badness 5036) in paragraph at lines 33--33
\T1/lmr/m/n/10.95 fy-ing IP
 []


Underfull \hbox (badness 10000) in paragraph at lines 33--33
[]\T1/lmr/m/n/10.95 Support
 []


Underfull \hbox (badness 10000) in paragraph at lines 33--33
\T1/lmr/m/n/10.95 ver-bose
 []


Underfull \hbox (badness 10000) in paragraph at lines 33--33
\T1/lmr/m/n/10.95 info to
 []


Underfull \hbox (badness 10000) in paragraph at lines 33--33
\T1/lmr/m/n/10.95 par-tial
 []


Underfull \hbox (badness 10000) in paragraph at lines 33--33
\T1/lmr/m/n/10.95 over-lay
 []


Underfull \hbox (badness 10000) in paragraph at lines 33--33
[]\T1/lmr/m/n/10.95 Added
 []


Underfull \hbox (badness 10000) in paragraph at lines 33--33
\T1/lmr/m/n/10.95 SSH
 []


Underfull \hbox (badness 10000) in paragraph at lines 33--33
\T1/lmr/m/n/10.95 agent
 []


Underfull \hbox (badness 10000) in paragraph at lines 33--33
\T1/lmr/m/n/10.95 socket
 []


Underfull \hbox (badness 10000) in paragraph at lines 33--33
\T1/lmr/m/n/10.95 for-
 []


Underfull \hbox (badness 10000) in paragraph at lines 33--33
\T1/lmr/m/n/10.95 warder
 []


Underfull \hbox (badness 10000) in paragraph at lines 33--33
\T1/lmr/m/n/10.95 when
 []


Underfull \hbox (badness 10000) in paragraph at lines 33--33
\T1/lmr/m/n/10.95 us-ing
 []


Underfull \hbox (badness 10000) in paragraph at lines 33--33
[]\T1/lmr/m/n/10.95 Disable
 []


Underfull \hbox (badness 10000) in paragraph at lines 33--33
\T1/lmr/m/n/10.95 IPv6
 []


Underfull \hbox (badness 10000) in paragraph at lines 33--33
\T1/lmr/m/n/10.95 Router
 []


Underfull \hbox (badness 10000) in paragraph at lines 33--33
\T1/lmr/m/n/10.95 Ad-ver-
 []


Underfull \hbox (badness 10000) in paragraph at lines 33--33
\T1/lmr/m/n/10.95 tise-ments
 []


Underfull \hbox (badness 10000) in paragraph at lines 33--33
\T1/lmr/m/n/10.95 to pre-
 []


Underfull \hbox (badness 10000) in paragraph at lines 33--33
\T1/lmr/m/n/10.95 vent
 []


Underfull \hbox (badness 10000) in paragraph at lines 33--33
\T1/lmr/m/n/10.95 ad-dress
 []


Underfull \hbox (badness 10000) in paragraph at lines 33--34
[]\T1/lmr/m/n/10.95 Update
 []


Underfull \hbox (badness 10000) in paragraph at lines 33--34
\T1/lmr/m/n/10.95 lib-net-
 []


Underfull \hbox (badness 10000) in paragraph at lines 33--34
\T1/lmr/m/n/10.95 work to
 []


Underfull \hbox (badness 10000) in paragraph at lines 33--34
\T1/lmr/m/n/10.95 fix pub-
 []


Underfull \hbox (badness 10000) in paragraph at lines 33--34
\T1/lmr/m/n/10.95 lish-ing
 []


Underfull \hbox (badness 2865) in paragraph at lines 33--34
\T1/lmr/m/n/10.95 ports on
 []


Underfull \hbox (badness 10000) in paragraph at lines 33--34
\T1/lmr/m/n/10.95 en-vi-ron-
 []


Underfull \hbox (badness 10000) in paragraph at lines 33--34
\T1/lmr/m/n/10.95 ments
 []


Underfull \hbox (badness 10000) in paragraph at lines 33--34
\T1/lmr/m/n/10.95 with
 []


Underfull \hbox (badness 10000) in paragraph at lines 33--34
\T1/lmr/m/n/10.95 ker-nel
 []


Underfull \hbox (badness 10000) in paragraph at lines 35--35
[]\T1/lmr/m/n/10.95 Support
 []


Underfull \hbox (badness 10000) in paragraph at lines 35--35
\T1/lmr/m/n/10.95 se-crets
 []


Underfull \hbox (badness 10000) in paragraph at lines 35--35
\T1/lmr/m/n/10.95 com-pose
 []


Underfull \hbox (badness 10000) in paragraph at lines 35--35
[]\T1/lmr/m/n/10.95 Support
 []


Underfull \hbox (badness 10000) in paragraph at lines 35--35
\T1/lmr/m/n/10.95 con-fig-
 []


Underfull \hbox (badness 10000) in paragraph at lines 35--35
\T1/lmr/m/n/10.95 u-ra-tion
 []


Underfull \hbox (badness 10000) in paragraph at lines 35--35
\T1/lmr/m/n/10.95 in con-
 []


Underfull \hbox (badness 10000) in paragraph at lines 35--35
[]\T1/lmr/m/n/10.95 Updated
 []


Underfull \hbox (badness 1033) in paragraph at lines 35--35
\T1/lmr/m/n/10.95 API ver-
 []


Underfull \hbox (badness 10000) in paragraph at lines 35--35
\T1/lmr/m/n/10.95 sion to
 []


Underfull \hbox (badness 10000) in paragraph at lines 35--35
[]\T1/lmr/m/n/10.95 Updated
 []


Underfull \hbox (badness 1033) in paragraph at lines 35--35
\T1/lmr/m/n/10.95 API ver-
 []


Underfull \hbox (badness 10000) in paragraph at lines 35--35
\T1/lmr/m/n/10.95 sion to
 []


Underfull \hbox (badness 10000) in paragraph at lines 35--36
[]\T1/lmr/m/n/10.95 Update
 []


Underfull \hbox (badness 1033) in paragraph at lines 35--36
\T1/lmr/m/n/10.95 API ver-
 []


Underfull \hbox (badness 10000) in paragraph at lines 35--36
\T1/lmr/m/n/10.95 sion to
 []


Underfull \hbox (badness 10000) in paragraph at lines 37--37
[]\T1/lmr/m/n/10.95 Support
 []


Underfull \hbox (badness 10000) in paragraph at lines 37--37
\T1/lmr/m/n/10.95 global
 []


Underfull \hbox (badness 10000) in paragraph at lines 37--37
\T1/lmr/m/n/10.95 scoped
 []


Underfull \hbox (badness 10000) in paragraph at lines 37--37
\T1/lmr/m/n/10.95 net-work
 []


Underfull \hbox (badness 10000) in paragraph at lines 37--37
\T1/lmr/m/n/10.95 plu-g-ins,
 []


Underfull \hbox (badness 10000) in paragraph at lines 37--37
\T1/lmr/m/n/10.95 up-grade
 []


Underfull \hbox (badness 10000) in paragraph at lines 37--37
[]\T1/lmr/m/n/10.95 Make
 []


Underfull \hbox (badness 10000) in paragraph at lines 37--37
\T1/lmr/m/n/10.95 plu-gin
 []


Underfull \hbox (badness 10000) in paragraph at lines 37--37
\T1/lmr/m/n/10.95 re-moves
 []


Underfull \hbox (badness 10000) in paragraph at lines 37--37
\T1/lmr/m/n/10.95 more
 []


Underfull \hbox (badness 10000) in paragraph at lines 37--37
\T1/lmr/m/n/10.95 re-silient
 []


Overfull \hbox (6.82196pt too wide) in paragraph at lines 37--37
[]\T1/lmr/m/n/10.95 Configured
 []


Underfull \hbox (badness 10000) in paragraph at lines 37--37
\T1/lmr/m/n/10.95 con-tain-
 []


Underfull \hbox (badness 10000) in paragraph at lines 37--37
\T1/lmr/m/n/10.95 erd
 []


Underfull \hbox (badness 10000) in paragraph at lines 37--37
\T1/lmr/m/n/10.95 log-level
 []


Underfull \hbox (badness 10000) in paragraph at lines 37--37
\T1/lmr/m/n/10.95 same as
 []


Underfull \hbox (badness 10000) in paragraph at lines 37--37
[]\T1/lmr/m/n/10.95 Added
 []


Underfull \hbox (badness 10000) in paragraph at lines 37--37
\T1/lmr/m/n/10.95 ba-sic
 []


Underfull \hbox (badness 10000) in paragraph at lines 37--37
\T1/lmr/m/n/10.95 frame-
 []


Underfull \hbox (badness 2913) in paragraph at lines 37--37
\T1/lmr/m/n/10.95 work for
 []


Underfull \hbox (badness 10000) in paragraph at lines 37--37
\T1/lmr/m/n/10.95 writ-ing
 []


Underfull \hbox (badness 1152) in paragraph at lines 37--37
\T1/lmr/m/n/10.95 and run-
 []


Underfull \hbox (badness 10000) in paragraph at lines 37--38
[]\T1/lmr/m/n/10.95 Socker
 []


Underfull \hbox (badness 10000) in paragraph at lines 37--38
\T1/lmr/m/n/10.95 plu-gin
 []


Underfull \hbox (badness 10000) in paragraph at lines 37--38
\T1/lmr/m/n/10.95 cre-ate
 []


Underfull \hbox (badness 10000) in paragraph at lines 37--38
\T1/lmr/m/n/10.95 mak-ing
 []


Underfull \hbox (badness 10000) in paragraph at lines 37--38
\T1/lmr/m/n/10.95 com-pat-i-
 []


Underfull \hbox (badness 4699) in paragraph at lines 37--38
\T1/lmr/m/n/10.95 ble with
 []


Underfull \hbox (badness 10000) in paragraph at lines 37--38
\T1/lmr/m/n/10.95 older
 []


Underfull \hbox (badness 10000) in paragraph at lines 37--38
\T1/lmr/m/n/10.95 ver-sions
 []


Underfull \hbox (badness 10000) in paragraph at lines 39--39
[]\T1/lmr/m/n/10.95 Selinux
 []


Underfull \hbox (badness 10000) in paragraph at lines 39--39
\T1/lmr/m/n/10.95 la-bel-
 []


Underfull \hbox (badness 10000) in paragraph at lines 39--39
\T1/lmr/m/n/10.95 ing of
 []


Underfull \hbox (badness 10000) in paragraph at lines 39--39
\T1/lmr/m/n/10.95 vol-umes
 []


Underfull \hbox (badness 10000) in paragraph at lines 39--39
\T1/lmr/m/n/10.95 shared
 []


Underfull \hbox (badness 10000) in paragraph at lines 39--39
\T1/lmr/m/n/10.95 in a
 []


Underfull \hbox (badness 10000) in paragraph at lines 39--39
[]\T1/lmr/m/n/10.95 Redact
 []


Underfull \hbox (badness 10000) in paragraph at lines 39--39
\T1/lmr/m/n/10.95 se-cret
 []


Underfull \hbox (badness 10000) in paragraph at lines 39--39
\T1/lmr/m/n/10.95 data on
 []


Underfull \hbox (badness 10000) in paragraph at lines 39--39
\T1/lmr/m/n/10.95 se-cret
 []


Underfull \hbox (badness 10000) in paragraph at lines 39--39
[]\T1/lmr/m/n/10.95 Added
 []


Underfull \hbox (badness 10000) in paragraph at lines 39--39
\T1/lmr/m/n/10.95 sup-port
 []


Underfull \hbox (badness 10000) in paragraph at lines 39--39
\T1/lmr/m/n/10.95 time
 []


Underfull \hbox (badness 10000) in paragraph at lines 39--39
\T1/lmr/m/n/10.95 se-crets
 []


Underfull \hbox (badness 10000) in paragraph at lines 39--39
\T1/lmr/m/n/10.95 when
 []


Underfull \hbox (badness 10000) in paragraph at lines 39--39
\T1/lmr/m/n/10.95 us-ing
 []


Underfull \hbox (badness 10000) in paragraph at lines 39--39
[]\T1/lmr/m/n/10.95 Prevent
 []


Underfull \hbox (badness 10000) in paragraph at lines 39--39
\T1/lmr/m/n/10.95 an in-
 []


Underfull \hbox (badness 10000) in paragraph at lines 39--39
\T1/lmr/m/n/10.95 valid
 []


Underfull \hbox (badness 10000) in paragraph at lines 39--39
\T1/lmr/m/n/10.95 im-age
 []


Underfull \hbox (badness 10000) in paragraph at lines 39--39
\T1/lmr/m/n/10.95 from
 []


Underfull \hbox (badness 10000) in paragraph at lines 39--39
\T1/lmr/m/n/10.95 crash-ing
 []


Underfull \hbox (badness 10000) in paragraph at lines 39--39
\T1/lmr/m/n/10.95 docker
 []


Underfull \hbox (badness 10000) in paragraph at lines 39--40
[]\T1/lmr/m/n/10.95 Profiles:
 []


Underfull \hbox (badness 10000) in paragraph at lines 39--40
\T1/lmr/m/n/10.95 sec-comp:
 []


Underfull \hbox (badness 10000) in paragraph at lines 39--40
\T1/lmr/m/n/10.95 up-date
 []


Underfull \hbox (badness 1609) in paragraph at lines 39--40
\T1/lmr/m/n/10.95 to Linux
 []


Underfull \hbox (badness 10000) in paragraph at lines 39--40
\T1/lmr/m/n/10.95 5.11
 []


Underfull \hbox (badness 10000) in paragraph at lines 39--40
\T1/lmr/m/n/10.95 syscall
 []


LaTeX Warning: Float too large for page by 60.19987pt on input line 42.

) (chapter/tentang_docker_hub.tex [45

] [46 <./image/63.jpg>] [47] [48

]
 10.

Overfull \hbox (0.79979pt too wide) in paragraph at lines 14--15
[]\T1/lmr/m/n/10.95 Docker menye-di-akan Docker Hub CLI tool dan API un-tuk men-gizinkan
 []

[49] (main.aux)

LaTeX Warning: There were multiply-defined labels.

Package rerunfilecheck Info: File `main.out' has not changed.
(rerunfilecheck)             Checksum: EBFF488DFD701DA27C07A2294AB3DC8B;7220.
 ) ) 
Here is how much of TeX's memory you used:
 10837 strings out of 477992
 176351 string characters out of 2826050
 489182 words of memory out of 3000000
 29184 multiletter control sequences out of 15000+600000
 562986 words of font info for 83 fonts, out of 8000000 for 9000
 1141 hyphenation exceptions out of 8191
 72i,11n,77p,603b,565s stack positions out of 10000i,1000n,20000p,200000b,80000s
{C:/Users/Rizki_PC/AppData/Local/Programs/MiKTeX/fonts/enc/dvips/lm/lm-ts1.enc}{C:/Users/Rizki_PC/AppData/Local/Programs/MiKTeX/fonts/enc/dvips/lm/lm-ec.enc}<C:/Users/Rizki_PC/AppData/Local/Programs/MiKTeX/fonts/type1/public/lm/lmbx10.pfb><C:/Users/Rizki_PC/AppData/Local/Programs/MiKTeX/fonts/type1/public/lm/lmbx12.pfb><C:/Users/Rizki_PC/AppData/Local/Programs/MiKTeX/fonts/type1/public/lm/lmcsc10.pfb><C:/Users/Rizki_PC/AppData/Local/Programs/MiKTeX/fonts/type1/public/lm/lmr10.pfb><C:/Users/Rizki_PC/AppData/Local/Programs/MiKTeX/fonts/type1/public/lm/lmr12.pfb><C:/Users/Rizki_PC/AppData/Local/Programs/MiKTeX/fonts/type1/public/lm/lmr17.pfb><C:/Users/Rizki_PC/AppData/Local/Programs/MiKTeX/fonts/type1/public/lm/lmr7.pfb><C:/Users/Rizki_PC/AppData/Local/Programs/MiKTeX/fonts/type1/public/lm/lmr8.pfb><C:/Users/Rizki_PC/AppData/Local/Programs/MiKTeX/fonts/type1/public/lm/lmri10.pfb><C:/Users/Rizki_PC/AppData/Local/Programs/MiKTeX/fonts/type1/public/lm/lmro10.pfb><C:/Users/Rizki_PC/AppData/Local/Programs/MiKTeX/fonts/type1/public/lm/lmtt10.pfb>
Output written on main.pdf (57 pages, 6782415 bytes).
PDF statistics:
 752 PDF objects out of 1000 (max. 8388607)
 173 named destinations out of 1000 (max. 500000)
 630 words of extra memory for PDF output out of 10000 (max. 10000000)

